#
# There is insufficient memory for the Java Runtime Environment to continue.
# Native memory allocation (malloc) failed to allocate 836896 bytes for Chunk::new
# Possible reasons:
#   The system is out of physical RAM or swap space
#   In 32 bit mode, the process size limit was hit
# Possible solutions:
#   Reduce memory load on the system
#   Increase physical memory or swap space
#   Check if swap backing store is full
#   Use 64 bit Java on a 64 bit OS
#   Decrease Java heap size (-Xmx/-Xms)
#   Decrease number of Java threads
#   Decrease Java thread stack sizes (-Xss)
#   Set larger code cache with -XX:ReservedCodeCacheSize=
# This output file may be truncated or incomplete.
#
#  Out of Memory Error (allocation.cpp:390), pid=43388, tid=0x000000000000c168
#
# JRE version: Java(TM) SE Runtime Environment (8.0_111-b14) (build 1.8.0_111-b14)
# Java VM: Java HotSpot(TM) 64-Bit Server VM (25.111-b14 mixed mode windows-amd64 compressed oops)
# Failed to write core dump. Minidumps are not enabled by default on client versions of Windows
#

---------------  T H R E A D  ---------------

Current thread (0x000000001a44c000):  JavaThread "C2 CompilerThread0" daemon [_thread_in_native, id=49512, stack(0x000000001ab70000,0x000000001ac70000)]

Stack: [0x000000001ab70000,0x000000001ac70000]
[error occurred during error reporting (printing stack bounds), id 0xc0000005]

Native frames: (J=compiled Java code, j=interpreted, Vv=VM code, C=native code)


Current CompileTask:
C2:  11416 2610       4       org.aspectj.weaver.reflect.JavaLangTypeToResolvedTypeConverter::fromType (394 bytes)


---------------  P R O C E S S  ---------------

Java Threads: ( => current thread )
  0x000000001a5ba800 JavaThread "Monitor Ctrl-Break" daemon [_thread_in_native, id=56120, stack(0x000000001b1b0000,0x000000001b2b0000)]
  0x000000001a535800 JavaThread "Service Thread" daemon [_thread_blocked, id=29432, stack(0x000000001af70000,0x000000001b070000)]
  0x000000001a4af800 JavaThread "C1 CompilerThread3" daemon [_thread_in_native, id=43664, stack(0x000000001ae70000,0x000000001af70000)]
  0x000000001a4a9800 JavaThread "C2 CompilerThread2" daemon [_thread_in_native, id=28220, stack(0x000000001ad70000,0x000000001ae70000)]
  0x000000001a4a3800 JavaThread "C2 CompilerThread1" daemon [_thread_in_native, id=33112, stack(0x000000001ac70000,0x000000001ad70000)]
=>0x000000001a44c000 JavaThread "C2 CompilerThread0" daemon [_thread_in_native, id=49512, stack(0x000000001ab70000,0x000000001ac70000)]
  0x000000001a44a000 JavaThread "Attach Listener" daemon [_thread_blocked, id=50488, stack(0x000000001aa70000,0x000000001ab70000)]
  0x000000001a4a0000 JavaThread "Signal Dispatcher" daemon [_thread_blocked, id=29728, stack(0x000000001a970000,0x000000001aa70000)]
  0x0000000003609800 JavaThread "Finalizer" daemon [_thread_blocked, id=56340, stack(0x000000001a810000,0x000000001a910000)]
  0x0000000003608000 JavaThread "Reference Handler" daemon [_thread_blocked, id=52628, stack(0x000000001a310000,0x000000001a410000)]
  0x0000000003512800 JavaThread "main" [_thread_in_Java, id=51548, stack(0x0000000003040000,0x0000000003140000)]

Other Threads:
  0x0000000018519800 VMThread [stack: 0x000000001a210000,0x000000001a310000] [id=28208]
  0x000000001a5a9800 WatcherThread [stack: 0x000000001b070000,0x000000001b170000] [id=28028]

VM state:not at safepoint (normal execution)

VM Mutex/Monitor currently owned by a thread: None

Heap:
 PSYoungGen      total 37888K, used 26133K [0x00000000d6180000, 0x00000000da700000, 0x0000000100000000)
  eden space 32768K, 72% used [0x00000000d6180000,0x00000000d789d730,0x00000000d8180000)
  from space 5120K, 48% used [0x00000000d8180000,0x00000000d83e8000,0x00000000d8680000)
  to   space 9216K, 0% used [0x00000000d9e00000,0x00000000d9e00000,0x00000000da700000)
 ParOldGen       total 54272K, used 6273K [0x0000000082400000, 0x0000000085900000, 0x00000000d6180000)
  object space 54272K, 11% used [0x0000000082400000,0x0000000082a206b8,0x0000000085900000)
 Metaspace       used 24949K, capacity 25174K, committed 25392K, reserved 1071104K
  class space    used 3038K, capacity 3091K, committed 3120K, reserved 1048576K

Card table byte_map: [0x00000000129d0000,0x0000000012dc0000] byte_map_base: 0x00000000125be000

Marking Bits: (ParMarkBitMap*) 0x000000006cdca6c0
 Begin Bits: [0x0000000013860000, 0x00000000157d0000)
 End Bits:   [0x00000000157d0000, 0x0000000017740000)

Polling page: 0x0000000001880000

CodeCache: size=245760Kb used=9768Kb max_used=9768Kb free=235991Kb
 bounds [0x0000000003610000, 0x0000000003fa0000, 0x0000000012610000]
 total_blobs=3099 nmethods=2671 adapters=339
 compilation: enabled

Compilation events (10 events):
Event: 11.345 Thread 0x000000001a4af800 nmethod 2661 0x0000000003f7ab90 code [0x0000000003f7aea0, 0x0000000003f7c6e8]
Event: 11.345 Thread 0x000000001a4af800 2657   !   3       sun.nio.cs.FastCharsetProvider::lookup (150 bytes)
Event: 11.350 Thread 0x000000001a4af800 nmethod 2657 0x0000000003f7d450 code [0x0000000003f7d7c0, 0x0000000003f7f678]
Event: 11.350 Thread 0x000000001a4af800 2663       3       org.springframework.beans.factory.support.AbstractBeanDefinition::getBeanClass (63 bytes)
Event: 11.353 Thread 0x000000001a4af800 nmethod 2663 0x0000000003f805d0 code [0x0000000003f80820, 0x0000000003f81688]
Event: 11.353 Thread 0x000000001a4af800 2662       1       org.springframework.beans.factory.config.InstantiationAwareBeanPostProcessorAdapter::postProcessBeforeInstantiation (2 bytes)
Event: 11.353 Thread 0x000000001a4af800 nmethod 2662 0x0000000003f6db10 code [0x0000000003f6dc60, 0x0000000003f6dd70]
Event: 11.353 Thread 0x000000001a4af800 2664   !   3       org.apache.commons.logging.LogFactory::directGetContextClassLoader (15 bytes)
Event: 11.355 Thread 0x000000001a4af800 nmethod 2664 0x0000000003f81c50 code [0x0000000003f81e40, 0x0000000003f82858]
Event: 11.355 Thread 0x000000001a4af800 2665   !   3       org.apache.commons.logging.LogFactory::getFactory (684 bytes)

GC Heap History (10 events):
Event: 7.048 GC heap before
{Heap before GC invocations=2 (full 0):
 PSYoungGen      total 37888K, used 37858K [0x00000000d6180000, 0x00000000d8b80000, 0x0000000100000000)
  eden space 32768K, 100% used [0x00000000d6180000,0x00000000d8180000,0x00000000d8180000)
  from space 5120K, 99% used [0x00000000d8180000,0x00000000d8678b20,0x00000000d8680000)
  to   space 5120K, 0% used [0x00000000d8680000,0x00000000d8680000,0x00000000d8b80000)
 ParOldGen       total 86016K, used 754K [0x0000000082400000, 0x0000000087800000, 0x00000000d6180000)
  object space 86016K, 0% used [0x0000000082400000,0x00000000824bcb70,0x0000000087800000)
 Metaspace       used 15502K, capacity 15636K, committed 15744K, reserved 1062912K
  class space    used 1845K, capacity 1880K, committed 1920K, reserved 1048576K
Event: 7.065 GC heap after
Heap after GC invocations=2 (full 0):
 PSYoungGen      total 37888K, used 5099K [0x00000000d6180000, 0x00000000d8b80000, 0x0000000100000000)
  eden space 32768K, 0% used [0x00000000d6180000,0x00000000d6180000,0x00000000d8180000)
  from space 5120K, 99% used [0x00000000d8680000,0x00000000d8b7aec0,0x00000000d8b80000)
  to   space 5120K, 0% used [0x00000000d8180000,0x00000000d8180000,0x00000000d8680000)
 ParOldGen       total 86016K, used 2098K [0x0000000082400000, 0x0000000087800000, 0x00000000d6180000)
  object space 86016K, 2% used [0x0000000082400000,0x000000008260c800,0x0000000087800000)
 Metaspace       used 15502K, capacity 15636K, committed 15744K, reserved 1062912K
  class space    used 1845K, capacity 1880K, committed 1920K, reserved 1048576K
}
Event: 8.663 GC heap before
{Heap before GC invocations=3 (full 0):
 PSYoungGen      total 37888K, used 37867K [0x00000000d6180000, 0x00000000d8b80000, 0x0000000100000000)
  eden space 32768K, 100% used [0x00000000d6180000,0x00000000d8180000,0x00000000d8180000)
  from space 5120K, 99% used [0x00000000d8680000,0x00000000d8b7aec0,0x00000000d8b80000)
  to   space 5120K, 0% used [0x00000000d8180000,0x00000000d8180000,0x00000000d8680000)
 ParOldGen       total 86016K, used 2098K [0x0000000082400000, 0x0000000087800000, 0x00000000d6180000)
  object space 86016K, 2% used [0x0000000082400000,0x000000008260c800,0x0000000087800000)
 Metaspace       used 20422K, capacity 20544K, committed 20736K, reserved 1067008K
  class space    used 2455K, capacity 2490K, committed 2560K, reserved 1048576K
Event: 8.681 GC heap after
Heap after GC invocations=3 (full 0):
 PSYoungGen      total 37888K, used 5090K [0x00000000d6180000, 0x00000000d8b80000, 0x0000000100000000)
  eden space 32768K, 0% used [0x00000000d6180000,0x00000000d6180000,0x00000000d8180000)
  from space 5120K, 99% used [0x00000000d8180000,0x00000000d86789f8,0x00000000d8680000)
  to   space 5120K, 0% used [0x00000000d8680000,0x00000000d8680000,0x00000000d8b80000)
 ParOldGen       total 86016K, used 4812K [0x0000000082400000, 0x0000000087800000, 0x00000000d6180000)
  object space 86016K, 5% used [0x0000000082400000,0x00000000828b3140,0x0000000087800000)
 Metaspace       used 20422K, capacity 20544K, committed 20736K, reserved 1067008K
  class space    used 2455K, capacity 2490K, committed 2560K, reserved 1048576K
}
Event: 8.967 GC heap before
{Heap before GC invocations=4 (full 0):
 PSYoungGen      total 37888K, used 14474K [0x00000000d6180000, 0x00000000d8b80000, 0x0000000100000000)
  eden space 32768K, 28% used [0x00000000d6180000,0x00000000d6aa9f78,0x00000000d8180000)
  from space 5120K, 99% used [0x00000000d8180000,0x00000000d86789f8,0x00000000d8680000)
  to   space 5120K, 0% used [0x00000000d8680000,0x00000000d8680000,0x00000000d8b80000)
 ParOldGen       total 86016K, used 4812K [0x0000000082400000, 0x0000000087800000, 0x00000000d6180000)
  object space 86016K, 5% used [0x0000000082400000,0x00000000828b3140,0x0000000087800000)
 Metaspace       used 21056K, capacity 21222K, committed 21296K, reserved 1069056K
  class space    used 2536K, capacity 2587K, committed 2608K, reserved 1048576K
Event: 8.982 GC heap after
Heap after GC invocations=4 (full 0):
 PSYoungGen      total 37888K, used 5090K [0x00000000d6180000, 0x00000000d8b80000, 0x0000000100000000)
  eden space 32768K, 0% used [0x00000000d6180000,0x00000000d6180000,0x00000000d8180000)
  from space 5120K, 99% used [0x00000000d8680000,0x00000000d8b789f8,0x00000000d8b80000)
  to   space 5120K, 0% used [0x00000000d8180000,0x00000000d8180000,0x00000000d8680000)
 ParOldGen       total 86016K, used 5595K [0x0000000082400000, 0x0000000087800000, 0x00000000d6180000)
  object space 86016K, 6% used [0x0000000082400000,0x0000000082976cf8,0x0000000087800000)
 Metaspace       used 21056K, capacity 21222K, committed 21296K, reserved 1069056K
  class space    used 2536K, capacity 2587K, committed 2608K, reserved 1048576K
}
Event: 8.983 GC heap before
{Heap before GC invocations=5 (full 1):
 PSYoungGen      total 37888K, used 5090K [0x00000000d6180000, 0x00000000d8b80000, 0x0000000100000000)
  eden space 32768K, 0% used [0x00000000d6180000,0x00000000d6180000,0x00000000d8180000)
  from space 5120K, 99% used [0x00000000d8680000,0x00000000d8b789f8,0x00000000d8b80000)
  to   space 5120K, 0% used [0x00000000d8180000,0x00000000d8180000,0x00000000d8680000)
 ParOldGen       total 86016K, used 5595K [0x0000000082400000, 0x0000000087800000, 0x00000000d6180000)
  object space 86016K, 6% used [0x0000000082400000,0x0000000082976cf8,0x0000000087800000)
 Metaspace       used 21056K, capacity 21222K, committed 21296K, reserved 1069056K
  class space    used 2536K, capacity 2587K, committed 2608K, reserved 1048576K
Event: 9.075 GC heap after
Heap after GC invocations=5 (full 1):
 PSYoungGen      total 37888K, used 0K [0x00000000d6180000, 0x00000000d8b80000, 0x0000000100000000)
  eden space 32768K, 0% used [0x00000000d6180000,0x00000000d6180000,0x00000000d8180000)
  from space 5120K, 0% used [0x00000000d8680000,0x00000000d8680000,0x00000000d8b80000)
  to   space 5120K, 0% used [0x00000000d8180000,0x00000000d8180000,0x00000000d8680000)
 ParOldGen       total 54272K, used 6265K [0x0000000082400000, 0x0000000085900000, 0x00000000d6180000)
  object space 54272K, 11% used [0x0000000082400000,0x0000000082a1e6b8,0x0000000085900000)
 Metaspace       used 21056K, capacity 21222K, committed 21296K, reserved 1069056K
  class space    used 2536K, capacity 2587K, committed 2608K, reserved 1048576K
}
Event: 10.542 GC heap before
{Heap before GC invocations=6 (full 1):
 PSYoungGen      total 37888K, used 32768K [0x00000000d6180000, 0x00000000d8b80000, 0x0000000100000000)
  eden space 32768K, 100% used [0x00000000d6180000,0x00000000d8180000,0x00000000d8180000)
  from space 5120K, 0% used [0x00000000d8680000,0x00000000d8680000,0x00000000d8b80000)
  to   space 5120K, 0% used [0x00000000d8180000,0x00000000d8180000,0x00000000d8680000)
 ParOldGen       total 54272K, used 6265K [0x0000000082400000, 0x0000000085900000, 0x00000000d6180000)
  object space 54272K, 11% used [0x0000000082400000,0x0000000082a1e6b8,0x0000000085900000)
 Metaspace       used 23421K, capacity 23684K, committed 23984K, reserved 1071104K
  class space    used 2818K, capacity 2896K, committed 2992K, reserved 1048576K
Event: 10.554 GC heap after
Heap after GC invocations=6 (full 1):
 PSYoungGen      total 37888K, used 2464K [0x00000000d6180000, 0x00000000da700000, 0x0000000100000000)
  eden space 32768K, 0% used [0x00000000d6180000,0x00000000d6180000,0x00000000d8180000)
  from space 5120K, 48% used [0x00000000d8180000,0x00000000d83e8000,0x00000000d8680000)
  to   space 9216K, 0% used [0x00000000d9e00000,0x00000000d9e00000,0x00000000da700000)
 ParOldGen       total 54272K, used 6273K [0x0000000082400000, 0x0000000085900000, 0x00000000d6180000)
  object space 54272K, 11% used [0x0000000082400000,0x0000000082a206b8,0x0000000085900000)
 Metaspace       used 23421K, capacity 23684K, committed 23984K, reserved 1071104K
  class space    used 2818K, capacity 2896K, committed 2992K, reserved 1048576K
}

Deoptimization events (10 events):
Event: 11.046 Thread 0x0000000003512800 Uncommon trap: reason=unstable_if action=reinterpret pc=0x0000000003dc718c method=java.util.WeakHashMap.get(Ljava/lang/Object;)Ljava/lang/Object; @ 56
Event: 11.059 Thread 0x0000000003512800 Uncommon trap: reason=bimorphic action=maybe_recompile pc=0x0000000003edccc8 method=org.aspectj.weaver.World.resolve(Lorg/aspectj/weaver/ResolvedType;)Lorg/aspectj/weaver/ResolvedType; @ 14
Event: 11.060 Thread 0x0000000003512800 Uncommon trap: reason=bimorphic action=maybe_recompile pc=0x0000000003ee0298 method=org.aspectj.weaver.World.resolve(Lorg/aspectj/weaver/ResolvedType;)Lorg/aspectj/weaver/ResolvedType; @ 14
Event: 11.061 Thread 0x0000000003512800 Uncommon trap: reason=bimorphic action=maybe_recompile pc=0x0000000003ee0298 method=org.aspectj.weaver.World.resolve(Lorg/aspectj/weaver/ResolvedType;)Lorg/aspectj/weaver/ResolvedType; @ 14
Event: 11.062 Thread 0x0000000003512800 Uncommon trap: reason=bimorphic action=maybe_recompile pc=0x0000000003edccc8 method=org.aspectj.weaver.World.resolve(Lorg/aspectj/weaver/ResolvedType;)Lorg/aspectj/weaver/ResolvedType; @ 14
Event: 11.063 Thread 0x0000000003512800 Uncommon trap: reason=bimorphic action=maybe_recompile pc=0x0000000003ee0298 method=org.aspectj.weaver.World.resolve(Lorg/aspectj/weaver/ResolvedType;)Lorg/aspectj/weaver/ResolvedType; @ 14
Event: 11.237 Thread 0x0000000003512800 Uncommon trap: reason=bimorphic action=maybe_recompile pc=0x00000000039589b8 method=java.util.HashMap.putVal(ILjava/lang/Object;Ljava/lang/Object;ZZ)Ljava/lang/Object; @ 203
Event: 11.242 Thread 0x0000000003512800 Uncommon trap: reason=bimorphic action=maybe_recompile pc=0x00000000039589b8 method=java.util.HashMap.putVal(ILjava/lang/Object;Ljava/lang/Object;ZZ)Ljava/lang/Object; @ 203
Event: 11.259 Thread 0x0000000003512800 Uncommon trap: reason=bimorphic action=maybe_recompile pc=0x00000000039589b8 method=java.util.HashMap.putVal(ILjava/lang/Object;Ljava/lang/Object;ZZ)Ljava/lang/Object; @ 203
Event: 11.280 Thread 0x0000000003512800 Uncommon trap: reason=bimorphic action=maybe_recompile pc=0x00000000039589b8 method=java.util.HashMap.putVal(ILjava/lang/Object;Ljava/lang/Object;ZZ)Ljava/lang/Object; @ 203

Internal exceptions (10 events):
Event: 11.155 Thread 0x0000000003512800 Exception <a 'java/lang/ClassNotFoundException': org/springframework/http/converter/xml/AbstractJaxb2HttpMessageConverterBeanInfo> (0x00000000d7104000) thrown at [C:\re\workspace\8-2-build-windows-amd64-cygwin\jdk8u111\7883\hotspot\src\share\vm\classfile\
Event: 11.155 Thread 0x0000000003512800 Exception <a 'java/lang/ClassNotFoundException': org/springframework/http/converter/xml/AbstractXmlHttpMessageConverterBeanInfo> (0x00000000d71149e8) thrown at [C:\re\workspace\8-2-build-windows-amd64-cygwin\jdk8u111\7883\hotspot\src\share\vm\classfile\sy
Event: 11.156 Thread 0x0000000003512800 Exception <a 'java/lang/ClassNotFoundException': org/springframework/http/converter/xml/AbstractXmlHttpMessageConverterCustomizer> (0x00000000d7125898) thrown at [C:\re\workspace\8-2-build-windows-amd64-cygwin\jdk8u111\7883\hotspot\src\share\vm\classfile\
Event: 11.158 Thread 0x0000000003512800 Exception <a 'java/lang/ClassNotFoundException': org/springframework/http/converter/xml/AbstractJaxb2HttpMessageConverterCustomizer> (0x00000000d713c788) thrown at [C:\re\workspace\8-2-build-windows-amd64-cygwin\jdk8u111\7883\hotspot\src\share\vm\classfil
Event: 11.159 Thread 0x0000000003512800 Exception <a 'java/lang/ClassNotFoundException': org/springframework/http/converter/xml/Jaxb2RootElementHttpMessageConverterCustomizer> (0x00000000d7152388) thrown at [C:\re\workspace\8-2-build-windows-amd64-cygwin\jdk8u111\7883\hotspot\src\share\vm\class
Event: 11.161 Thread 0x0000000003512800 Exception <a 'java/lang/ClassNotFoundException': org/springframework/http/converter/HttpMessageConverterCustomizer> (0x00000000d71711d0) thrown at [C:\re\workspace\8-2-build-windows-amd64-cygwin\jdk8u111\7883\hotspot\src\share\vm\classfile\systemDictionar
Event: 11.318 Thread 0x0000000003512800 Exception <a 'java/lang/ClassNotFoundException': org/springframework/web/servlet/config/AnnotationDrivenBeanDefinitionParser$CompositeUriComponentsContributorFactoryBeanBeanInfo> (0x00000000d75c22f0) thrown at [C:\re\workspace\8-2-build-windows-amd64-cygw
Event: 11.319 Thread 0x0000000003512800 Exception <a 'java/lang/ClassNotFoundException': org/springframework/web/servlet/config/AnnotationDrivenBeanDefinitionParser$CompositeUriComponentsContributorFactoryBeanCustomizer> (0x00000000d75d93e8) thrown at [C:\re\workspace\8-2-build-windows-amd64-cy
Event: 11.323 Thread 0x0000000003512800 Exception <a 'java/lang/ClassNotFoundException': org/springframework/beans/factory/FactoryBeanCustomizer> (0x00000000d75faba8) thrown at [C:\re\workspace\8-2-build-windows-amd64-cygwin\jdk8u111\7883\hotspot\src\share\vm\classfile\systemDictionary.cpp, lin
Event: 11.324 Thread 0x0000000003512800 Exception <a 'java/lang/ClassNotFoundException': org/springframework/beans/factory/InitializingBeanCustomizer> (0x00000000d760bdf0) thrown at [C:\re\workspace\8-2-build-windows-amd64-cygwin\jdk8u111\7883\hotspot\src\share\vm\classfile\systemDictionary.cpp

Events (10 events):
Event: 11.323 loading class org/springframework/beans/factory/FactoryBeanCustomizer
Event: 11.323 loading class org/springframework/beans/factory/FactoryBeanCustomizer done
Event: 11.323 loading class org/springframework/beans/factory/FactoryBeanCustomizer
Event: 11.323 loading class org/springframework/beans/factory/FactoryBeanCustomizer done
Event: 11.324 loading class org/springframework/beans/factory/InitializingBeanCustomizer
Event: 11.324 loading class org/springframework/beans/factory/InitializingBeanCustomizer done
Event: 11.324 loading class org/springframework/beans/factory/InitializingBeanCustomizer
Event: 11.324 loading class org/springframework/beans/factory/InitializingBeanCustomizer done
Event: 11.324 loading class org/springframework/beans/factory/InitializingBeanCustomizer
Event: 11.324 loading class org/springframework/beans/factory/InitializingBeanCustomizer done


Dynamic libraries:
0x00007ff7c74a0000 - 0x00007ff7c74d7000 	D:\java\environment\jdkaz8-111\bin\java.exe
0x00007ff81f7e0000 - 0x00007ff81f9b1000 	C:\WINDOWS\SYSTEM32\ntdll.dll
0x00007ff81e880000 - 0x00007ff81e92b000 	C:\WINDOWS\System32\KERNEL32.DLL
0x00007ff81c4c0000 - 0x00007ff81c6dd000 	C:\WINDOWS\System32\KERNELBASE.dll
0x00007ff81f3b0000 - 0x00007ff81f452000 	C:\WINDOWS\System32\ADVAPI32.dll
0x00007ff81cf80000 - 0x00007ff81d01e000 	C:\WINDOWS\System32\msvcrt.dll
0x00007ff81cf20000 - 0x00007ff81cf79000 	C:\WINDOWS\System32\sechost.dll
0x00007ff81d020000 - 0x00007ff81d141000 	C:\WINDOWS\System32\RPCRT4.dll
0x00007ff81e930000 - 0x00007ff81ea95000 	C:\WINDOWS\System32\USER32.dll
0x00007ff81cca0000 - 0x00007ff81ccbe000 	C:\WINDOWS\System32\win32u.dll
0x00007ff81eaa0000 - 0x00007ff81ead4000 	C:\WINDOWS\System32\GDI32.dll
0x00007ff81c780000 - 0x00007ff81c902000 	C:\WINDOWS\System32\gdi32full.dll
0x00007ff80efa0000 - 0x00007ff80f219000 	C:\WINDOWS\WinSxS\amd64_microsoft.windows.common-controls_6595b64144ccf1df_6.0.14393.447_none_42191651c6827bb3\COMCTL32.dll
0x00007ff81f460000 - 0x00007ff81f728000 	C:\WINDOWS\System32\combase.dll
0x00007ff81c9d0000 - 0x00007ff81cac5000 	C:\WINDOWS\System32\ucrtbase.dll
0x00007ff81c910000 - 0x00007ff81c97a000 	C:\WINDOWS\System32\bcryptPrimitives.dll
0x00007ff81ecb0000 - 0x00007ff81ecde000 	C:\WINDOWS\System32\IMM32.DLL
0x000000006dc60000 - 0x000000006dd32000 	D:\java\environment\jdkaz8-111\jre\bin\msvcr100.dll
0x000000006c5b0000 - 0x000000006ce4a000 	D:\java\environment\jdkaz8-111\jre\bin\server\jvm.dll
0x00007ff81f740000 - 0x00007ff81f748000 	C:\WINDOWS\System32\PSAPI.DLL
0x00007ff80d550000 - 0x00007ff80d559000 	C:\WINDOWS\SYSTEM32\WSOCK32.dll
0x00007ff819fb0000 - 0x00007ff819fd3000 	C:\WINDOWS\SYSTEM32\WINMM.dll
0x00007ff80f6b0000 - 0x00007ff80f6ba000 	C:\WINDOWS\SYSTEM32\VERSION.dll
0x00007ff81ec40000 - 0x00007ff81ecaa000 	C:\WINDOWS\System32\WS2_32.dll
0x00000000018b0000 - 0x00000000018db000 	C:\WINDOWS\SYSTEM32\WINMMBASE.dll
0x00007ff81c980000 - 0x00007ff81c9c2000 	C:\WINDOWS\System32\cfgmgr32.dll
0x000000006e410000 - 0x000000006e41f000 	D:\java\environment\jdkaz8-111\jre\bin\verify.dll
0x000000006e190000 - 0x000000006e1b9000 	D:\java\environment\jdkaz8-111\jre\bin\java.dll
0x000000006e170000 - 0x000000006e186000 	D:\java\environment\jdkaz8-111\jre\bin\zip.dll
0x00007ff81d310000 - 0x00007ff81e819000 	C:\WINDOWS\System32\SHELL32.dll
0x00007ff81bcd0000 - 0x00007ff81c3aa000 	C:\WINDOWS\System32\windows.storage.dll
0x00007ff81bc60000 - 0x00007ff81bcac000 	C:\WINDOWS\System32\powrprof.dll
0x00007ff81e820000 - 0x00007ff81e872000 	C:\WINDOWS\System32\shlwapi.dll
0x00007ff81bc50000 - 0x00007ff81bc5f000 	C:\WINDOWS\System32\kernel.appcore.dll
0x00007ff81c410000 - 0x00007ff81c4b9000 	C:\WINDOWS\System32\shcore.dll
0x00007ff81bcb0000 - 0x00007ff81bcc4000 	C:\WINDOWS\System32\profapi.dll
0x00007ff81a030000 - 0x00007ff81a040000 	D:\java\tool\eclips\IntelliJ IDEA 2016.2.5\bin\breakgen64.dll
0x000000006e150000 - 0x000000006e16a000 	D:\java\environment\jdkaz8-111\jre\bin\net.dll
0x00007ff81b4e0000 - 0x00007ff81b53c000 	C:\WINDOWS\system32\mswsock.dll
0x00007ff80d6e0000 - 0x00007ff80d6f6000 	C:\WINDOWS\system32\napinsp.dll
0x00007ff80d700000 - 0x00007ff80d71a000 	C:\WINDOWS\system32\pnrpnsp.dll
0x00007ff818e40000 - 0x00007ff818e58000 	C:\WINDOWS\system32\NLAapi.dll
0x00007ff81b2c0000 - 0x00007ff81b360000 	C:\WINDOWS\SYSTEM32\DNSAPI.dll
0x00007ff81f750000 - 0x00007ff81f758000 	C:\WINDOWS\System32\NSI.dll
0x00007ff81b270000 - 0x00007ff81b2a8000 	C:\WINDOWS\SYSTEM32\IPHLPAPI.DLL
0x00007ff80d720000 - 0x00007ff80d72e000 	C:\WINDOWS\System32\winrnr.dll
0x00007ff80d730000 - 0x00007ff80d745000 	C:\WINDOWS\System32\wshbth.dll
0x00007ff80e900000 - 0x00007ff80e90a000 	C:\Windows\System32\rasadhlp.dll
0x00007ff817a60000 - 0x00007ff817aca000 	C:\WINDOWS\System32\fwpuclnt.dll
0x00007ff81bb80000 - 0x00007ff81bbab000 	C:\WINDOWS\SYSTEM32\bcrypt.dll
0x00007ff81b690000 - 0x00007ff81b6a7000 	C:\WINDOWS\SYSTEM32\CRYPTSP.dll
0x00007ff81b0f0000 - 0x00007ff81b123000 	C:\WINDOWS\system32\rsaenh.dll
0x00007ff81b360000 - 0x00007ff81b37f000 	C:\WINDOWS\SYSTEM32\USERENV.dll
0x00007ff81b680000 - 0x00007ff81b68b000 	C:\WINDOWS\SYSTEM32\CRYPTBASE.dll
0x00007ff818140000 - 0x00007ff818156000 	C:\WINDOWS\SYSTEM32\dhcpcsvc6.DLL
0x00007ff8187b0000 - 0x00007ff8187ca000 	C:\WINDOWS\SYSTEM32\dhcpcsvc.DLL
0x000000006e130000 - 0x000000006e141000 	D:\java\environment\jdkaz8-111\jre\bin\nio.dll
0x000000006e120000 - 0x000000006e12d000 	D:\java\environment\jdkaz8-111\jre\bin\management.dll

VM Arguments:
jvm_args: -ea -Didea.launcher.port=7532 -Didea.launcher.bin.path=D:\java\tool\eclips\IntelliJ IDEA 2016.2.5\bin -Didea.junit.sm_runner -Dfile.encoding=UTF-8 
java_command: com.intellij.rt.execution.application.AppMain com.intellij.rt.execution.junit.JUnitStarter -ideVersion5 com.lp.crud.controller.ControllerTest,listTest
java_class_path (initial): D:\java\tool\eclips\IntelliJ IDEA 2016.2.5\lib\idea_rt.jar;D:\java\tool\eclips\IntelliJ IDEA 2016.2.5\plugins\junit\lib\junit-rt.jar;D:\java\environment\jdkaz8-111\jre\lib\charsets.jar;D:\java\environment\jdkaz8-111\jre\lib\deploy.jar;D:\java\environment\jdkaz8-111\jre\lib\ext\access-bridge-64.jar;D:\java\environment\jdkaz8-111\jre\lib\ext\cldrdata.jar;D:\java\environment\jdkaz8-111\jre\lib\ext\dnsns.jar;D:\java\environment\jdkaz8-111\jre\lib\ext\jaccess.jar;D:\java\environment\jdkaz8-111\jre\lib\ext\jfxrt.jar;D:\java\environment\jdkaz8-111\jre\lib\ext\localedata.jar;D:\java\environment\jdkaz8-111\jre\lib\ext\nashorn.jar;D:\java\environment\jdkaz8-111\jre\lib\ext\sunec.jar;D:\java\environment\jdkaz8-111\jre\lib\ext\sunjce_provider.jar;D:\java\environment\jdkaz8-111\jre\lib\ext\sunmscapi.jar;D:\java\environment\jdkaz8-111\jre\lib\ext\sunpkcs11.jar;D:\java\environment\jdkaz8-111\jre\lib\ext\zipfs.jar;D:\java\environment\jdkaz8-111\jre\lib\javaws.jar;D:\java\environment\jdkaz8-111\jre\lib\jce.jar;D:\java\environment\jdkaz8-111\jre\lib\jfr.jar;D:\java\environment\jdkaz8-111\jre\lib\jfxswt.jar;D:\java\environment\jdkaz8-111\jre\lib\jsse.jar;D:\java\environment\jdkaz8-111\jre\lib\management-agent.jar;D:\java\environment\jdkaz8-111\jre\lib\plugin.jar;D:\java\environment\jdkaz8-111\jre\lib\resources.jar;D:\java\environment\jdkaz8-111\jre\lib\rt.jar;D:\java\workspace\idea\ssm\target\test-classes;D:\java\workspace\idea\ssm\target\classes;D:\java\environment\repository\junit\junit\4.12\junit-4.12.jar;D:\java\environment\repository\org\hamcrest\hamcrest-core\1.3\hamcrest-core-1.3.jar;D:\java\environment\repository\org\springframework\spring-webmvc\4.3.7.RELEASE\spring-webmvc-4.3.7.RELEASE.jar;D:\java\environment\repository\org\springframework\spring-aop\4.3.7.RELEASE\spring-aop-4.3.7.RELEASE.jar;D:\java\environment\repository\org\springframework\spring-beans\4.3.7.RELEASE\spring-beans-4.3.7.RELEASE.jar;D:\java\environment\repository\org\springframew
Launcher Type: SUN_STANDARD

Environment Variables:
JAVA_HOME=D:\java\environment\jdkaz8-111
PATH=C:\ProgramData\Oracle\Java\javapath;C:\Program Files (x86)\Intel\iCLS Client\;C:\Program Files\Intel\iCLS Client\;C:\Windows\system32;C:\Windows;C:\Windows\System32\Wbem;C:\Windows\System32\WindowsPowerShell\v1.0\;C:\Program Files (x86)\Intel\Intel(R) Management Engine Components\DAL;C:\Program Files\Intel\Intel(R) Management Engine Components\DAL;C:\Program Files (x86)\Intel\Intel(R) Management Engine Components\IPT;C:\Program Files\Intel\Intel(R) Management Engine Components\IPT;C:\Program Files (x86)\NVIDIA Corporation\PhysX\Common;C:\Program Files\Intel\WiFi\bin\;C:\Program Files\Common Files\Intel\WirelessCommon\;D:\java\environment\apache-tomcat-9.0.0.M11-windows-x64\apache-tomcat-9.0.0.M11\bin;D:\tool\tool\git\Git\cmd;D:\java\environment\apache-maven-3.3.9-bin\apache-maven-3.3.9\bin;D:\db\mysql-5.7.16-winx64\bin;C:\WINDOWS\system32;C:\WINDOWS;C:\WINDOWS\System32\Wbem;C:\WINDOWS\System32\WindowsPowerShell\v1.0\;D:\java\environment\svn\bin;D:\tool\tool\hugo\bin;%USERPROFILE%\AppData\Local\Microsoft\WindowsApps;
USERNAME=26685
OS=Windows_NT
PROCESSOR_IDENTIFIER=Intel64 Family 6 Model 94 Stepping 3, GenuineIntel



---------------  S Y S T E M  ---------------

OS: Windows 10.0 , 64 bit Build 14393 (10.0.14393.0)

CPU:total 8 (4 cores per cpu, 2 threads per core) family 6 model 94 stepping 3, cmov, cx8, fxsr, mmx, sse, sse2, sse3, ssse3, sse4.1, sse4.2, popcnt, avx, avx2, aes, clmul, erms, rtm, 3dnowpref, lzcnt, ht, tsc, tscinvbit, bmi1, bmi2, adx

Memory: 4k page, physical 8235776k(1749364k free), swap 8235776k(4656k free)

vm_info: Java HotSpot(TM) 64-Bit Server VM (25.111-b14) for windows-amd64 JRE (1.8.0_111-b14), built on Sep 22 2016 19:24:05 by "java_re" with MS VC++ 10.0 (VS2010)

time: Wed May 24 16:14:13 2017
elapsed time: 11 seconds (0d 0h 0m 11s)

